[    0.000000] Initializing cgroup subsys cpuset
[    0.000000] Initializing cgroup subsys cpu
[    0.000000] Initializing cgroup subsys cpuacct
[    0.000000] Linux version 4.4.0-176-generic (buildd@lgw01-amd64-035) (gcc version 5.4.0 20160609 (Ubuntu 5.4.0-6ubuntu1~16.04.12) ) #206-Ubuntu SMP Fri Feb 28 05:02:04 UTC 2020 (Ubuntu 4.4.0-176.206-generic 4.4.211)
[    0.000000] Command line: BOOT_IMAGE=/boot/vmlinuz-4.4.0-176-generic root=LABEL=cloudimg-rootfs ro console=tty1 console=ttyS0
[    0.000000] KERNEL supported cpus:
[    0.000000]   Intel GenuineIntel
[    0.000000]   AMD AuthenticAMD
[    0.000000]   Centaur CentaurHauls
[    0.000000] x86/fpu: xstate_offset[2]:  576, xstate_sizes[2]:  256
[    0.000000] x86/fpu: Supporting XSAVE feature 0x01: 'x87 floating point registers'
[    0.000000] x86/fpu: Supporting XSAVE feature 0x02: 'SSE registers'
[    0.000000] x86/fpu: Supporting XSAVE feature 0x04: 'AVX registers'
[    0.000000] x86/fpu: Enabled xstate features 0x7, context size is 832 bytes, using 'standard' format.
[    0.000000] e820: BIOS-provided physical RAM map:
[    0.000000] BIOS-e820: [mem 0x0000000000000000-0x000000000009fbff] usable
[    0.000000] BIOS-e820: [mem 0x000000000009fc00-0x000000000009ffff] reserved
[    0.000000] BIOS-e820: [mem 0x00000000000f0000-0x00000000000fffff] reserved
[    0.000000] BIOS-e820: [mem 0x0000000000100000-0x000000003ffeffff] usable
[    0.000000] BIOS-e820: [mem 0x000000003fff0000-0x000000003fffffff] ACPI data
[    0.000000] BIOS-e820: [mem 0x00000000fec00000-0x00000000fec00fff] reserved
[    0.000000] BIOS-e820: [mem 0x00000000fee00000-0x00000000fee00fff] reserved
[    0.000000] BIOS-e820: [mem 0x00000000fffc0000-0x00000000ffffffff] reserved
[    0.000000] NX (Execute Disable) protection: active
[    0.000000] SMBIOS 2.5 present.
[    0.000000] Hypervisor detected: KVM
[    0.000000] e820: last_pfn = 0x3fff0 max_arch_pfn = 0x400000000
[    0.000000] MTRR: Disabled
[    0.000000] x86/PAT: MTRRs disabled, skipping PAT initialization too.
[    0.000000] CPU MTRRs all blank - virtualized system.
[    0.000000] x86/PAT: Configuration [0-7]: WB  WT  UC- UC  WB  WT  UC- UC  
[    0.000000] found SMP MP-table at [mem 0x0009fff0-0x0009ffff] mapped at [ffff88000009fff0]
[    0.000000] Scanning 1 areas for low memory corruption
[    0.000000] RAMDISK: [mem 0x362e0000-0x37167fff]
[    0.000000] ACPI: Early table checksum verification disabled
[    0.000000] ACPI: RSDP 0x00000000000E0000 000024 (v02 VBOX  )
[    0.000000] ACPI: XSDT 0x000000003FFF0030 00003C (v01 VBOX   VBOXXSDT 00000001 ASL  00000061)
[    0.000000] ACPI: FACP 0x000000003FFF00F0 0000F4 (v04 VBOX   VBOXFACP 00000001 ASL  00000061)
[    0.000000] ACPI: DSDT 0x000000003FFF0470 002325 (v02 VBOX   VBOXBIOS 00000002 INTL 20100528)
[    0.000000] ACPI: FACS 0x000000003FFF0200 000040
[    0.000000] ACPI: FACS 0x000000003FFF0200 000040
[    0.000000] ACPI: APIC 0x000000003FFF0240 00005C (v02 VBOX   VBOXAPIC 00000001 ASL  00000061)
[    0.000000] ACPI: SSDT 0x000000003FFF02A0 0001CC (v01 VBOX   VBOXCPUT 00000002 INTL 20100528)
[    0.000000] No NUMA configuration found
[    0.000000] Faking a node at [mem 0x0000000000000000-0x000000003ffeffff]
[    0.000000] NODE_DATA(0) allocated [mem 0x3ffeb000-0x3ffeffff]
[    0.000000] kvm-clock: Using msrs 4b564d01 and 4b564d00
[    0.000000] kvm-clock: cpu 0, msr 0:3ffe3001, primary cpu clock
[    0.000000] kvm-clock: using sched offset of 7045842831 cycles
[    0.000000] clocksource: kvm-clock: mask: 0xffffffffffffffff max_cycles: 0x1cd42e4dffb, max_idle_ns: 881590591483 ns
[    0.000000] Zone ranges:
[    0.000000]   DMA      [mem 0x0000000000001000-0x0000000000ffffff]
[    0.000000]   DMA32    [mem 0x0000000001000000-0x000000003ffeffff]
[    0.000000]   Normal   empty
[    0.000000]   Device   empty
[    0.000000] Movable zone start for each node
[    0.000000] Early memory node ranges
[    0.000000]   node   0: [mem 0x0000000000001000-0x000000000009efff]
[    0.000000]   node   0: [mem 0x0000000000100000-0x000000003ffeffff]
[    0.000000] Initmem setup node 0 [mem 0x0000000000001000-0x000000003ffeffff]
[    0.000000] ACPI: PM-Timer IO Port: 0x4008
[    0.000000] IOAPIC[0]: apic_id 2, version 32, address 0xfec00000, GSI 0-23
[    0.000000] ACPI: INT_SRC_OVR (bus 0 bus_irq 0 global_irq 2 dfl dfl)
[    0.000000] ACPI: INT_SRC_OVR (bus 0 bus_irq 9 global_irq 9 low level)
[    0.000000] Using ACPI (MADT) for SMP configuration information
[    0.000000] smpboot: Allowing 2 CPUs, 0 hotplug CPUs
[    0.000000] PM: Registered nosave memory: [mem 0x00000000-0x00000fff]
[    0.000000] PM: Registered nosave memory: [mem 0x0009f000-0x0009ffff]
[    0.000000] PM: Registered nosave memory: [mem 0x000a0000-0x000effff]
[    0.000000] PM: Registered nosave memory: [mem 0x000f0000-0x000fffff]
[    0.000000] e820: [mem 0x40000000-0xfebfffff] available for PCI devices
[    0.000000] Booting paravirtualized kernel on KVM
[    0.000000] clocksource: refined-jiffies: mask: 0xffffffff max_cycles: 0xffffffff, max_idle_ns: 7645519600211568 ns
[    0.000000] setup_percpu: NR_CPUS:512 nr_cpumask_bits:512 nr_cpu_ids:2 nr_node_ids:1
[    0.000000] PERCPU: Embedded 33 pages/cpu @ffff88003fc00000 s95448 r8192 d31528 u1048576
[    0.000000] Built 1 zonelists in Node order, mobility grouping on.  Total pages: 257912
[    0.000000] Policy zone: DMA32
[    0.000000] Kernel command line: BOOT_IMAGE=/boot/vmlinuz-4.4.0-176-generic root=LABEL=cloudimg-rootfs ro console=tty1 console=ttyS0
[    0.000000] PID hash table entries: 4096 (order: 3, 32768 bytes)
[    0.000000] Memory: 997672K/1048120K available (8626K kernel code, 1336K rwdata, 4032K rodata, 1488K init, 1292K bss, 50448K reserved, 0K cma-reserved)
[    0.000000] SLUB: HWalign=64, Order=0-3, MinObjects=0, CPUs=2, Nodes=1
[    0.000000] Kernel/User page tables isolation: enabled
[    0.000000] Hierarchical RCU implementation.
[    0.000000] 	Build-time adjustment of leaf fanout to 64.
[    0.000000] 	RCU restricting CPUs from NR_CPUS=512 to nr_cpu_ids=2.
[    0.000000] RCU: Adjusting geometry for rcu_fanout_leaf=64, nr_cpu_ids=2
[    0.000000] NR_IRQS:33024 nr_irqs:440 16
[    0.000000] Console: colour VGA+ 80x25
[    0.000000] console [tty1] enabled
[    0.000000] console [ttyS0] enabled
[    0.000000] tsc: Detected 1599.999 MHz processor
[    0.468942] Calibrating delay loop (skipped) preset value.. 3199.99 BogoMIPS (lpj=6399996)
[    0.473137] pid_max: default: 32768 minimum: 301
[    0.475321] ACPI: Core revision 20150930
[    0.481177] ACPI: 2 ACPI AML tables successfully acquired and loaded
[    0.486283] Security Framework initialized
[    0.488184] Yama: becoming mindful.
[    0.490308] AppArmor: AppArmor initialized
[    0.492206] Dentry cache hash table entries: 131072 (order: 8, 1048576 bytes)
[    0.500407] Inode-cache hash table entries: 65536 (order: 7, 524288 bytes)
[    0.504952] Mount-cache hash table entries: 2048 (order: 2, 16384 bytes)
[    0.507833] Mountpoint-cache hash table entries: 2048 (order: 2, 16384 bytes)
[    0.510816] Initializing cgroup subsys io
[    0.515053] Initializing cgroup subsys memory
[    0.518235] Initializing cgroup subsys devices
[    0.520345] Initializing cgroup subsys freezer
[    0.522296] Initializing cgroup subsys net_cls
[    0.524233] Initializing cgroup subsys perf_event
[    0.526029] Initializing cgroup subsys net_prio
[    0.528638] Initializing cgroup subsys hugetlb
[    0.533434] Initializing cgroup subsys pids
[    0.537173] mce: CPU supports 0 MCE banks
[    0.538879] Last level iTLB entries: 4KB 64, 2MB 8, 4MB 8
[    0.540864] Last level dTLB entries: 4KB 64, 2MB 0, 4MB 0, 1GB 4
[    0.543047] Spectre V1 : Mitigation: usercopy/swapgs barriers and __user pointer sanitization
[    0.550748] Spectre V2 : Mitigation: Full generic retpoline
[    0.553391] Spectre V2 : Spectre v2 / SpectreRSB mitigation: Filling RSB on context switch
[    0.557058] Speculative Store Bypass: Vulnerable
[    0.559132] MDS: Mitigation: Clear CPU buffers
[    0.567713] Freeing SMP alternatives memory: 36K
[    0.578476] ftrace: allocating 32305 entries in 127 pages
[    0.690697] smpboot: APIC(0) Converting physical 0 to logical package 0
[    0.694049] smpboot: Max logical packages: 1
[    0.699487] x2apic enabled
[    0.702363] Switched APIC routing to physical x2apic.
[    0.706912] ..TIMER: vector=0x30 apic1=0 pin1=2 apic2=-1 pin2=-1
[    0.823318] smpboot: CPU0: Intel(R) Core(TM) i5-5250U CPU @ 1.60GHz (family: 0x6, model: 0x3d, stepping: 0x4)
[    0.838778] Performance Events: unsupported p6 CPU model 61 no PMU driver, software events only.
[    0.872764] KVM setup paravirtual spinlock
[    0.880319] x86: Booting SMP configuration:
[    0.888540] .... node  #0, CPUs:      #1
[    0.892706] kvm-clock: cpu 1, msr 0:3ffe3041, secondary cpu clock
[    0.903062] mce: CPU supports 0 MCE banks
[    0.911623] x86: Booted up 1 node, 2 CPUs
[    0.937564] smpboot: Total of 2 processors activated (6399.99 BogoMIPS)
[    0.971297] devtmpfs: initialized
[    1.002862] evm: security.selinux
[    1.017359] evm: security.SMACK64
[    1.026710] evm: security.SMACK64EXEC
[    1.040183] evm: security.SMACK64TRANSMUTE
[    1.059927] evm: security.SMACK64MMAP
[    1.071441] evm: security.ima
[    1.073113] evm: security.capability
[    1.075554] clocksource: jiffies: mask: 0xffffffff max_cycles: 0xffffffff, max_idle_ns: 7645041785100000 ns
[    1.100870] futex hash table entries: 512 (order: 3, 32768 bytes)
[    1.104616] pinctrl core: initialized pinctrl subsystem
[    1.108528] RTC time: 12:09:20, date: 03/20/20
[    1.111436] NET: Registered protocol family 16
[    1.126066] cpuidle: using governor ladder
[    1.146447] cpuidle: using governor menu
[    1.152265] PCCT header not found.
[    1.154342] ACPI: bus type PCI registered
[    1.156480] acpiphp: ACPI Hot Plug PCI Controller Driver version: 0.5
[    1.158852] PCI: Using configuration type 1 for base access
[    1.182830] ACPI: Added _OSI(Module Device)
[    1.185869] ACPI: Added _OSI(Processor Device)
[    1.188676] ACPI: Added _OSI(3.0 _SCP Extensions)
[    1.191379] ACPI: Added _OSI(Processor Aggregator Device)
[    1.200923] ACPI: Executed 1 blocks of module-level executable AML code
[    1.208336] ACPI: Interpreter enabled
[    1.210265] ACPI: (supports S0 S5)
[    1.213145] ACPI: Using IOAPIC for interrupt routing
[    1.218502] PCI: Using host bridge windows from ACPI; if necessary, use "pci=nocrs" and report a bug
[    1.233860] ACPI: PCI Root Bridge [PCI0] (domain 0000 [bus 00-ff])
[    1.237600] acpi PNP0A03:00: _OSC: OS supports [ASPM ClockPM Segments MSI]
[    1.242810] acpi PNP0A03:00: _OSC: not requesting OS control; OS requires [ExtendedConfig ASPM ClockPM MSI]
[    1.256544] acpi PNP0A03:00: fail to add MMCONFIG information, can't access extended PCI configuration space under this bridge.
[    1.263301] PCI host bridge to bus 0000:00
[    1.267435] pci_bus 0000:00: root bus resource [io  0x0000-0x0cf7 window]
[    1.270743] pci_bus 0000:00: root bus resource [io  0x0d00-0xffff window]
[    1.273552] pci_bus 0000:00: root bus resource [mem 0x000a0000-0x000bffff window]
[    1.277080] pci_bus 0000:00: root bus resource [mem 0x40000000-0xfdffffff window]
[    1.281113] pci_bus 0000:00: root bus resource [bus 00-ff]
[    1.287832] pci 0000:00:01.1: legacy IDE quirk: reg 0x10: [io  0x01f0-0x01f7]
[    1.291391] pci 0000:00:01.1: legacy IDE quirk: reg 0x14: [io  0x03f6]
[    1.295014] pci 0000:00:01.1: legacy IDE quirk: reg 0x18: [io  0x0170-0x0177]
[    1.298313] pci 0000:00:01.1: legacy IDE quirk: reg 0x1c: [io  0x0376]
[    1.347289] pci 0000:00:07.0: quirk: [io  0x4000-0x403f] claimed by PIIX4 ACPI
[    1.351893] pci 0000:00:07.0: quirk: [io  0x4100-0x410f] claimed by PIIX4 SMB
[    1.367121] ACPI: PCI Interrupt Link [LNKA] (IRQs 5 9 10 *11)
[    1.370601] ACPI: PCI Interrupt Link [LNKB] (IRQs 5 9 *10 11)
[    1.373626] ACPI: PCI Interrupt Link [LNKC] (IRQs 5 *9 10 11)
[    1.377329] ACPI: PCI Interrupt Link [LNKD] (IRQs 5 9 10 *11)
[    1.383746] ACPI: Enabled 2 GPEs in block 00 to 07
[    1.386753] vgaarb: setting as boot device: PCI:0000:00:02.0
[    1.389416] vgaarb: device added: PCI:0000:00:02.0,decodes=io+mem,owns=io+mem,locks=none
[    1.393515] vgaarb: loaded
[    1.396044] vgaarb: bridge control possible 0000:00:02.0
[    1.400706] SCSI subsystem initialized
[    1.403340] ACPI: bus type USB registered
[    1.405949] usbcore: registered new interface driver usbfs
[    1.408351] usbcore: registered new interface driver hub
[    1.411358] usbcore: registered new device driver usb
[    1.413975] PCI: Using ACPI for IRQ routing
[    1.420108] NetLabel: Initializing
[    1.422496] NetLabel:  domain hash size = 128
[    1.424466] NetLabel:  protocols = UNLABELED CIPSOv4
[    1.426538] NetLabel:  unlabeled traffic allowed by default
[    1.429230] amd_nb: Cannot enumerate AMD northbridges
[    1.431791] clocksource: Switched to clocksource kvm-clock
[    1.446387] AppArmor: AppArmor Filesystem Enabled
[    1.448799] pnp: PnP ACPI init
[    1.452311] pnp: PnP ACPI: found 3 devices
[    1.465419] clocksource: acpi_pm: mask: 0xffffff max_cycles: 0xffffff, max_idle_ns: 2085701024 ns
[    1.468694] NET: Registered protocol family 2
[    1.470820] TCP established hash table entries: 8192 (order: 4, 65536 bytes)
[    1.473310] TCP bind hash table entries: 8192 (order: 5, 131072 bytes)
[    1.475714] TCP: Hash tables configured (established 8192 bind 8192)
[    1.479971] UDP hash table entries: 512 (order: 2, 16384 bytes)
[    1.482455] UDP-Lite hash table entries: 512 (order: 2, 16384 bytes)
[    1.484996] NET: Registered protocol family 1
[    1.486664] pci 0000:00:00.0: Limiting direct PCI/PCI transfers
[    1.489168] pci 0000:00:01.0: Activating ISA DMA hang workarounds
[    1.491408] Unpacking initramfs...
[    1.915763] Freeing initrd memory: 14880K
[    1.918335] RAPL PMU detected, API unit is 2^-32 Joules, 4 fixed counters 10737418240 ms ovfl timer
[    1.923077] hw unit of domain pp0-core 2^-0 Joules
[    1.926083] hw unit of domain package 2^-0 Joules
[    1.928728] hw unit of domain dram 2^-0 Joules
[    1.930731] hw unit of domain pp1-gpu 2^-0 Joules
[    1.932454] clocksource: tsc: mask: 0xffffffffffffffff max_cycles: 0x171023f09ff, max_idle_ns: 440795233615 ns
[    1.937644] platform rtc_cmos: registered platform RTC device (no PNP device found)
[    1.941157] Scanning for low memory corruption every 60 seconds
[    1.945236] audit: initializing netlink subsys (disabled)
[    1.947379] audit: type=2000 audit(1584706169.080:1): initialized
[    1.950783] Initialise system trusted keyring
[    1.953200] HugeTLB registered 2 MB page size, pre-allocated 0 pages
[    1.957435] zbud: loaded
[    1.959161] VFS: Disk quotas dquot_6.6.0
[    1.961809] VFS: Dquot-cache hash table entries: 512 (order 0, 4096 bytes)
[    1.965352] squashfs: version 4.0 (2009/01/31) Phillip Lougher
[    1.968235] fuse init (API version 7.23)
[    1.970111] Key type big_key registered
[    1.971559] Allocating IMA MOK and blacklist keyrings.
[    1.976355] Key type asymmetric registered
[    1.978960] Asymmetric key parser 'x509' registered
[    1.982805] Block layer SCSI generic (bsg) driver version 0.4 loaded (major 249)
[    1.986725] io scheduler noop registered
[    1.989197] io scheduler deadline registered (default)
[    1.991522] io scheduler cfq registered
[    1.993368] pci_hotplug: PCI Hot Plug PCI Core version: 0.5
[    1.995840] pciehp: PCI Express Hot Plug Controller Driver version: 0.4
[    1.999564] ACPI: AC Adapter [AC] (off-line)
[    2.001609] input: Power Button as /devices/LNXSYSTM:00/LNXPWRBN:00/input/input0
[    2.004975] ACPI: Power Button [PWRF]
[    2.006794] input: Sleep Button as /devices/LNXSYSTM:00/LNXSLPBN:00/input/input1
[    2.010472] ACPI: Sleep Button [SLPF]
[    2.013432] GHES: HEST is not enabled!
[    2.015945] Serial: 8250/16550 driver, 32 ports, IRQ sharing enabled
[    2.018841] ACPI: Battery Slot [BAT0] (battery present)
[    2.039874] 00:02: ttyS0 at I/O 0x3f8 (irq = 4, base_baud = 115200) is a 16550A
[    2.049274] Linux agpgart interface v0.103
[    2.051514] loop: module loaded
[    2.052342] scsi host0: ata_piix
[    2.052420] scsi host1: ata_piix
[    2.052470] ata1: PATA max UDMA/33 cmd 0x1f0 ctl 0x3f6 bmdma 0xd000 irq 14
[    2.052472] ata2: PATA max UDMA/33 cmd 0x170 ctl 0x376 bmdma 0xd008 irq 15
[    2.052569] libphy: Fixed MDIO Bus: probed
[    2.052571] tun: Universal TUN/TAP device driver, 1.6
[    2.052572] tun: (C) 1999-2004 Max Krasnyansky <maxk@qualcomm.com>
[    2.052631] PPP generic driver version 2.4.2
[    2.052685] ehci_hcd: USB 2.0 'Enhanced' Host Controller (EHCI) Driver
[    2.052689] ehci-pci: EHCI PCI platform driver
[    2.052707] ehci-platform: EHCI generic platform driver
[    2.052716] ohci_hcd: USB 1.1 'Open' Host Controller (OHCI) Driver
[    2.052719] ohci-pci: OHCI PCI platform driver
[    2.052728] ohci-platform: OHCI generic platform driver
[    2.052736] uhci_hcd: USB Universal Host Controller Interface driver
[    2.052796] i8042: PNP: PS/2 Controller [PNP0303:PS2K,PNP0f03:PS2M] at 0x60,0x64 irq 1,12
[    2.053348] serio: i8042 KBD port at 0x60,0x64 irq 1
[    2.053353] serio: i8042 AUX port at 0x60,0x64 irq 12
[    2.053536] mousedev: PS/2 mouse device common for all mice
[    2.053911] input: AT Translated Set 2 keyboard as /devices/platform/i8042/serio0/input/input2
[    2.055087] rtc_cmos rtc_cmos: rtc core: registered rtc_cmos as rtc0
[    2.055158] rtc_cmos rtc_cmos: alarms up to one day, 114 bytes nvram
[    2.055171] i2c /dev entries driver
[    2.055265] device-mapper: uevent: version 1.0.3
[    2.055326] device-mapper: ioctl: 4.34.0-ioctl (2015-10-28) initialised: dm-devel@redhat.com
[    2.055350] ledtrig-cpu: registered to indicate activity on CPUs
[    2.055706] NET: Registered protocol family 10
[    2.056055] NET: Registered protocol family 17
[    2.056067] Key type dns_resolver registered
[    2.056717] registered taskstats version 1
[    2.056735] Loading compiled-in X.509 certificates
[    2.058138] Loaded X.509 cert 'Build time autogenerated kernel key: c2b7431ed9258328a3a0cf301f850647788d8e61'
[    2.058197] zswap: loaded using pool lzo/zbud
[    2.063935] Key type trusted registered
[    2.069994] Key type encrypted registered
[    2.070002] AppArmor: AppArmor sha1 policy hashing enabled
[    2.070005] ima: No TPM chip found, activating TPM-bypass!
[    2.070011] ima: Allocated hash algorithm: sha1
[    2.070026] evm: HMAC attrs: 0x1
[    2.070700]   Magic number: 12:372:178
[    2.070779]  platform: hash matches
[    2.075660] rtc_cmos rtc_cmos: setting system clock to 2020-03-20 12:09:21 UTC (1584706161)
[    2.075801] BIOS EDD facility v0.16 2004-Jun-25, 0 devices found
[    2.075801] EDD information not available.
[    2.418613] Freeing unused kernel memory: 1488K
[    2.432474] Write protecting the kernel read-only data: 14336k
[    2.439199] Freeing unused kernel memory: 1604K
[    2.442670] Freeing unused kernel memory: 64K
Loading, please wait...
starting version 229
[    2.469760] random: systemd-udevd: uninitialized urandom read (16 bytes read, 5 bits of entropy available)
[    2.470888] random: udevadm: uninitialized urandom read (16 bytes read, 5 bits of entropy available)
[    2.471137] random: udevadm: uninitialized urandom read (16 bytes read, 5 bits of entropy available)
[    2.490260] random: udevadm: uninitialized urandom read (16 bytes read, 5 bits of entropy available)
[    2.490339] random: udevadm: uninitialized urandom read (16 bytes read, 5 bits of entropy available)
[    2.491266] random: udevadm: uninitialized urandom read (16 bytes read, 5 bits of entropy available)
[    2.491357] random: udevadm: uninitialized urandom read (16 bytes read, 5 bits of entropy available)
[    2.491444] random: udevadm: uninitialized urandom read (16 bytes read, 5 bits of entropy available)
[    2.491642] random: udevadm: uninitialized urandom read (16 bytes read, 5 bits of entropy available)
[    2.491726] random: udevadm: uninitialized urandom read (16 bytes read, 5 bits of entropy available)
[    2.643338] e1000: Intel(R) PRO/1000 Network Driver - version 7.3.21-k8-NAPI
[    2.650949] e1000: Copyright (c) 1999-2006 Intel Corporation.
[    2.659719] Fusion MPT base driver 3.04.20
[    2.670890] Copyright (c) 1999-2008 LSI Corporation
[    2.706978] Fusion MPT SPI Host driver 3.04.20
[    2.726114] AVX2 version of gcm_enc/dec engaged.
[    2.734477] AES CTR mode by8 optimization enabled
[    2.894300] input: ImExPS/2 Generic Explorer Mouse as /devices/platform/i8042/serio1/input/input4
[    3.335257] e1000 0000:00:03.0 eth0: (PCI:33MHz:32-bit) 02:90:e9:96:cf:60
[    3.338081] e1000 0000:00:03.0 eth0: Intel(R) PRO/1000 Network Connection
[    3.342510] mptbase: ioc0: Initiating bringup
[    3.343423] e1000 0000:00:03.0 enp0s3: renamed from eth0
[    3.921372] ioc0: LSI53C1030 A0: Capabilities={Initiator}
[    5.952812] scsi host2: ioc0: LSI53C1030 A0, FwRev=00000000h, Ports=1, MaxQ=256, IRQ=20
[    7.936132] scsi 2:0:0:0: Direct-Access     VBOX     HARDDISK         1.0  PQ: 0 ANSI: 5
[    7.939295] scsi target2:0:0: Beginning Domain Validation
[    7.945384] scsi target2:0:0: Domain Validation skipping write tests
[    7.947943] scsi target2:0:0: Ending Domain Validation
[    7.964035] scsi target2:0:0: asynchronous
[    7.969965] scsi 2:0:1:0: Direct-Access     VBOX     HARDDISK         1.0  PQ: 0 ANSI: 5
[    7.973238] scsi target2:0:1: Beginning Domain Validation
[    7.979223] scsi target2:0:1: Domain Validation skipping write tests
[    7.984731] scsi target2:0:1: Ending Domain Validation
[    7.987040] scsi target2:0:1: asynchronous
[    8.001522] sd 2:0:0:0: Attached scsi generic sg0 type 0
[    8.003957] sd 2:0:0:0: [sda] 20971520 512-byte logical blocks: (10.7 GB/10.0 GiB)
[    8.007719] sd 2:0:1:0: [sdb] 20480 512-byte logical blocks: (10.5 MB/10.0 MiB)
[    8.011038] sd 2:0:1:0: Attached scsi generic sg1 type 0
[    8.013991] sd 2:0:1:0: [sdb] Write Protect is off
[    8.015936] sd 2:0:0:0: [sda] Write Protect is off
[    8.017778] sd 2:0:1:0: [sdb] Incomplete mode parameter data
[    8.019689] sd 2:0:1:0: [sdb] Assuming drive cache: write through
[    8.021851] sd 2:0:0:0: [sda] Incomplete mode parameter data
[    8.024304] sd 2:0:0:0: [sda] Assuming drive cache: write through
[    8.029764]  sda: sda1
[    8.032060] sd 2:0:0:0: [sda] Attached SCSI disk
[    8.036081] sd 2:0:1:0: [sdb] Attached SCSI disk
Begin: Loading essential drivers ... [    9.711783] md: linear personality registered for level -1
[    9.718325] md: multipath personality registered for level -4
[    9.724400] md: raid0 personality registered for level 0
[    9.733306] md: raid1 personality registered for level 1
[    9.807991] raid6: sse2x1   gen()  5473 MB/s
[    9.875860] raid6: sse2x1   xor()  5237 MB/s
[    9.943980] raid6: sse2x2   gen()  8754 MB/s
[   10.012060] raid6: sse2x2   xor()  5473 MB/s
[   10.080234] raid6: sse2x4   gen() 10230 MB/s
[   10.148880] raid6: sse2x4   xor()  6198 MB/s
[   10.216019] raid6: avx2x1   gen() 12847 MB/s
[   10.283920] raid6: avx2x2   gen() 16116 MB/s
[   10.352661] raid6: avx2x4   gen() 17549 MB/s
[   10.354302] raid6: using algorithm avx2x4 gen() 17549 MB/s
[   10.356756] raid6: using avx2x2 recovery algorithm
[   10.360971] xor: automatically using best checksumming function:
[   10.403926]    avx       : 20627.000 MB/sec
[   10.408595] async_tx: api initialized (async)
[   10.427121] md: raid6 personality registered for level 6
[   10.430796] md: raid5 personality registered for level 5
[   10.433334] md: raid4 personality registered for level 4
[   10.446801] md: raid10 personality registered for level 10
done.
Begin: Running /scripts/init-premount ... done.
Begin: Mounting root file system ... Begin: Running /scripts/local-top ... done.
Begin: Running /scripts/local-premount ... [   10.498582] Btrfs loaded
Scanning for Btrfs filesystems
done.
Warning: fsck not present, so skipping root file system
[   10.575918] EXT4-fs (sda1): mounted filesystem with ordered data mode. Opts: (null)
done.
Begin: Running /scripts/local-bottom ... done.
Begin: Running /scripts/init-bottom ... done.
[   10.850198] systemd[1]: systemd 229 running in system mode. (+PAM +AUDIT +SELINUX +IMA +APPARMOR +SMACK +SYSVINIT +UTMP +LIBCRYPTSETUP +GCRYPT +GNUTLS +ACL +XZ -LZ4 +SECCOMP +BLKID +ELFUTILS +KMOD -IDN)
[   10.862337] systemd[1]: Detected virtualization oracle.
[   10.868016] systemd[1]: Detected architecture x86-64.

Welcome to [1mUbuntu 16.04.6 LTS[0m!

[   10.878397] systemd[1]: Set hostname to <ubuntu>.
[   10.891586] systemd[1]: Initializing machine ID from random generator.
[   10.895622] systemd[1]: Installed transient /etc/machine-id file.
[   11.407433] systemd[1]: Listening on Journal Socket.
[[0;32m  OK  [0m] Listening on Journal Socket.
[   11.411525] systemd[1]: Listening on Journal Socket (/dev/log).
[[0;32m  OK  [0m] Listening on Journal Socket (/dev/log).
[   11.421416] systemd[1]: Listening on Device-mapper event daemon FIFOs.
[[0;32m  OK  [0m] Listening on Device-mapper event daemon FIFOs.
[   11.427200] systemd[1]: Created slice User and Session Slice.
[[0;32m  OK  [0m] Created slice User and Session Slice.
[   11.439442] systemd[1]: Listening on LVM2 poll daemon socket.
[[0;32m  OK  [0m] Listening on LVM2 poll daemon socket.
[   11.445686] systemd[1]: Started Trigger resolvconf update for networkd DNS.
[[0;32m  OK  [0m] Started Trigger resolvconf update for networkd DNS.
[   11.455537] systemd[1]: Listening on Syslog Socket.
[[0;32m  OK  [0m] Listening on Syslog Socket.
[   11.459989] systemd[1]: Reached target System Time Synchronized.
[[0;32m  OK  [0m] Reached target System Time Synchronized.
[   11.468431] systemd[1]: Listening on Journal Audit Socket.
[[0;32m  OK  [0m] Listening on Journal Audit Socket.
[   11.472850] systemd[1]: Reached target Encrypted Volumes.
[[0;32m  OK  [0m] Reached target Encrypted Volumes.
[   11.478173] systemd[1]: Set up automount Arbitrary Executable File Formats File System Automount Point.
[[0;32m  OK  [0m] Set up automount Arbitrary Executab...ats File System Automount Point.
[   11.492582] systemd[1]: Reached target Swap.
[[0;32m  OK  [0m] Reached target Swap.
[   11.934118] systemd[1]: Created slice System Slice.
[[0;32m  OK  [0m] Created slice System Slice.
[   11.953991] systemd[1]: Starting Journal Service...
         Starting Journal Service...
[   11.965747] systemd[1]: Mounting Debug File System...
         Mounting Debug File System...
[   11.990798] systemd[1]: Starting Remount Root and Kernel File Systems...
         Starting Remount Root and Kernel File Systems...
[   12.006928] systemd[1]: Reached target Slices.
[   12.013959] EXT4-fs (sda1): re-mounted. Opts: (null)
[[0;32m  OK  [0m] Reached target Slices.
[   12.080805] systemd[1]: Mounting Huge Pages File System...
         Mounting Huge Pages File System...
[   12.095958] systemd[1]: Created slice system-serial\x2dgetty.slice.
[[0;32m  OK  [0m] Created slice system-serial\x2dgetty.slice.
[   12.117406] systemd[1]: Listening on LVM2 metadata daemon socket.
[[0;32m  OK  [0m] Listening on LVM2 metadata daemon socket.
[   12.153412] systemd[1]: Starting Monitoring of LVM2 mirrors, snapshots etc. using dmeventd or progress polling...
         Starting Monitoring of LVM2 mirrors... dmeventd or progress polling...
[   12.176150] systemd[1]: Starting Uncomplicated firewall...
         Starting Uncomplicated firewall...
[   12.190309] systemd[1]: Listening on /dev/initctl Compatibility Named Pipe.
[[   12.203300] random: nonblocking pool is initialized
[0;32m  OK  [0m] Listening on /dev/initctl Compatibility Named Pipe.
[   12.240153] systemd[1]: Mounting POSIX Message Queue File System...
         Mounting POSIX Message Queue File System...
[   12.273017] systemd[1]: Starting Load Kernel Modules...
         Starting Load Kernel Modules...
[   12.281708] systemd[1]: Starting Nameserver information manager...
         Starting Nameserver information manager...
[   12.303174] systemd[1]: Reached target User and Group Name Lookups.
[[0;32m  OK  [0m] Reached target User and Group Name Lookups.
[   12.326484] Loading iSCSI transport class v2.0-870.
[   12.334798] systemd[1]: Listening on udev Control Socket.
[[0;32m  OK  [0m] Listening on udev Control Socket.
[   12.357686] iscsi: registered transport (tcp)
[   12.369373] systemd[1]: Starting Set console keymap...
         Starting Set console keymap...
[   12.392457] systemd[1]: Started Forward Password Requests to Wall Directory Watch.
[[0;32m  OK  [0m] Started Forward Password Requests to Wall Directory Watch.
[   12.444569] systemd[1]: Starting Create list of required static device nodes for the current kernel...
         Starting Create list of required st... nodes for the current kernel...
[   12.477789] systemd[1]: Listening on udev Kernel Socket.
[[0;32m  OK  [0m] Listening on udev Kernel Socket.
[   12.494919] systemd[1]: Mounted POSIX Message Queue File System.
[   12.499653] iscsi: registered transport (iser)
[[0;32m  OK  [0m] Mounted POSIX Message Queue File System.
[   12.505677] systemd[1]: Mounted Huge Pages File System.
[[0;32m  OK  [0m] Mounted Huge Pages File System.
[   12.514574] systemd[1]: Mounted Debug File System.
[[0;32m  OK  [0m] Mounted Debug File System.
[   12.520961] systemd[1]: Started Journal Service.
[[0;32m  OK  [0m] Started Journal Service.
[[0;32m  OK  [0m] Started Remount Root and Kernel File Systems.
[[0;32m  OK  [0m] Started Uncomplicated firewall.
[[0;32m  OK  [0m] Started Load Kernel Modules.
[[0;32m  OK  [0m] Started Set console keymap.
[[0;32m  OK  [0m] Started Create list of required sta...ce nodes for the current kernel.
[[0;32m  OK  [0m] Started Nameserver information manager.
[[0;32m  OK  [0m] Started LVM2 metadata daemon.
         Starting Create Static Device Nodes in /dev...
         Starting Apply Kernel Variables...
         Mounting FUSE Control File System...
         Starting Load/Save Random Seed...
         Starting udev Coldplug all Devices...
         Starting Flush Journal to Persistent Storage...
[[0;32m  OK  [0m] Mounted FUSE Control File System.
[[0;32m  OK  [0m] Started Load/Save Random Seed.
[[0;32m  OK  [0m] Started Apply Kernel Variables.
[[0;32m  OK  [0m] Started Flush Journal to Persistent Storage.
[[0;32m  OK  [0m] Started Create Static Device Nodes in /dev.
         Starting udev Kernel Device Manager...
[[0;32m  OK  [0m] Started udev Coldplug all Devices.
[[0;32m  OK  [0m] Started udev Kernel Device Manager.
[[0;32m  OK  [0m] Started Dispatch Password Requests to Console Directory Watch.
[[0;32m  OK  [0m] Started Monitoring of LVM2 mirrors,...ng dmeventd or progress polling.
[[0;32m  OK  [0m] Reached target Local File Systems (Pre).
[[0;32m  OK  [0m] Reached target Local File Systems.
         Starting Create Volatile Files and Directories...
         Starting Tell Plymouth To Write Out Runtime Data...
         Starting Commit a transient machine-id on disk...
         Starting Initial cloud-init job (pre-networking)...
         Starting LSB: AppArmor initialization...
         Starting Set console font and keymap...
[[0;32m  OK  [0m] Started Tell Plymouth To Write Out Runtime Data.
[[0;32m  OK  [0m] Started Commit a transient machine-id on disk.
[[0;32m  OK  [0m] Started Create Volatile Files and Directories.
         Starting Update UTMP about System Boot/Shutdown...
[[0;32m  OK  [0m] Started Update UTMP about System Boot/Shutdown.
[[0;32m  OK  [0m] Found device /dev/ttyS0.
[[0;32m  OK  [0m] Listening on Load/Save RF Kill Switch Status /dev/rfkill Watch.
[[0;32m  OK  [0m] Started LSB: AppArmor initialization.
[[0;32m  OK  [0m] Started Set console font and keymap.
[[0;32m  OK  [0m] Created slice system-getty.slice.
[   17.017238] cloud-init[490]: Cloud-init v. 19.4-33-gbb4131a2-0ubuntu1~16.04.1 running 'init-local' at Fri, 20 Mar 2020 12:09:36 +0000. Up 16.22 seconds.
[[0;32m  OK  [0m] Started Initial cloud-init job (pre-networking).
[[0;32m  OK  [0m] Reached target Network (Pre).
         Starting Raise network interfaces...
[[0;32m  OK  [0m] Started Raise network interfaces.
[[0;32m  OK  [0m] Reached target Network.
         Starting Initial cloud-init job (metadata service crawler)...
[   19.553374] cloud-init[949]: Cloud-init v. 19.4-33-gbb4131a2-0ubuntu1~16.04.1 running 'init' at Fri, 20 Mar 2020 12:09:38 +0000. Up 18.07 seconds.
[   19.564536] cloud-init[949]: ci-info: ++++++++++++++++++++++++++++++++++++++Net device info++++++++++++++++++++++++++++++++++++++
[   19.577410] cloud-init[949]: ci-info: +--------+------+----------------------------+---------------+--------+-------------------+
[   19.582491] cloud-init[949]: ci-info: | Device |  Up  |          Address           |      Mask     | Scope  |     Hw-Address    |
[   19.587178] cloud-init[949]: ci-info: +--------+------+----------------------------+---------------+--------+-------------------+
[   19.595140] cloud-init[949]: ci-info: | enp0s3 | True |         10.0.2.15          | 255.255.255.0 | global | 02:90:e9:96:cf:60 |
[   19.600416] cloud-init[949]: ci-info: | enp0s3 | True | fe80::90:e9ff:fe96:cf60/64 |       .       |  link  | 02:90:e9:96:cf:60 |
[   19.614131] cloud-init[949]: ci-info: |   lo   | True |         127.0.0.1          |   255.0.0.0   |  host  |         .         |
[   19.620690] cloud-init[949]: ci-info: |   lo   | True |          ::1/128           |       .       |  host  |         .         |
[   19.628926] cloud-init[949]: ci-info: +--------+------+----------------------------+---------------+--------+-------------------+
[   19.634251] cloud-init[949]: ci-info: +++++++++++++++++++++++++++Route IPv4 info++++++++++++++++++++++++++++
[   19.639335] cloud-init[949]: ci-info: +-------+-------------+----------+---------------+-----------+-------+
[   19.648789] cloud-init[949]: ci-info: | Route | Destination | Gateway  |    Genmask    | Interface | Flags |
[   19.654177] cloud-init[949]: ci-info: +-------+-------------+----------+---------------+-----------+-------+
[   19.667274] cloud-init[949]: ci-info: |   0   |   0.0.0.0   | 10.0.2.2 |    0.0.0.0    |   enp0s3  |   UG  |
[   19.679223] cloud-init[949]: ci-info: |   1   |   10.0.2.0  | 0.0.0.0  | 255.255.255.0 |   enp0s3  |   U   |
[   19.684776] cloud-init[949]: ci-info: +-------+-------------+----------+---------------+-----------+-------+
[   19.707969] cloud-init[949]: ci-info: +++++++++++++++++++Route IPv6 info+++++++++++++++++++
[   19.716504] cloud-init[949]: ci-info: +-------+-------------+---------+-----------+-------+
[   19.721102] cloud-init[949]: ci-info: | Route | Destination | Gateway | Interface | Flags |
[   19.730547] cloud-init[949]: ci-info: +-------+-------------+---------+-----------+-------+
[   19.742523] cloud-init[949]: ci-info: |   0   |  fe80::/64  |    ::   |   enp0s3  |   U   |
[   19.747319] cloud-init[949]: ci-info: |   3   |   ff00::/8  |    ::   |   enp0s3  |   U   |
[   19.750086] cloud-init[949]: ci-info: +-------+-------------+---------+-----------+-------+
[   19.762770] cloud-init[949]: Generating public/private rsa key pair.
[   19.765229] cloud-init[949]: Your identification has been saved in /etc/ssh/ssh_host_rsa_key.
[   19.768236] cloud-init[949]: Your public key has been saved in /etc/ssh/ssh_host_rsa_key.pub.
[   19.771803] cloud-init[949]: The key fingerprint is:
[   19.780567] cloud-init[949]: SHA256:tqF+FBtveWiw6Q8MocHPjjvadYk9xzSSk1AfJm+YnhA root@ubuntu-xenial
[   19.789047] cloud-init[949]: The key's randomart image is:
[   19.795068] cloud-init[949]: +---[RSA 2048]----+
[[0;32m  OK  [0m] Started Initial cloud-init job (metadata service crawler).
[   19.811273] cloud-init[949]: |      E o o      |
[[   19.821061] [0;32m  OK  [0mcloud-init] [949]: Reached target Network is Online.|   .   o B .     |

[   19.832610] cloud-init[949]: |    o + o +      |
[   19.834764] cloud-init[949]: |     = =+=       |
[   19.837273] cloud-init[949]: |    . + SOoo     |
[   19.840491] cloud-init[949]: |     o B=O*..    |
[   19.843996] cloud-init[949]: |    . =oOoo.     |
[   19.846850] cloud-init[949]: |   ..+ .o+       |
         Starting iSCSI initiator daemon (iscsid)...
[   19.847428] cloud-init[949]: |  ..o... ..      |
[   19.859260] cloud-init[949]: +----[SHA256]-----+
[   19.860895] cloud-init[949]: Generating public/private dsa key pair.
[   19.861886] cloud-init[949]: Your identification has been saved in /etc/ssh/ssh_host_dsa_key.
[[0;32m  OK  [0m] Reached target Cloud-config availability.
[[0;32m  OK  [0m] Reached target System Initialization.
[   19.863164] cloud-init[949]: Your public key has been saved in /etc/ssh/ssh_host_dsa_key.pub.
[[0;32m  OK  [0m] Started ACPI Events Check.
[[0;32m  OK  [0m] Reached target Paths.
[[0;32m  OK  [0m] Started Daily Cleanup of Temporary Directories.
[[0;32m  OK  [0m] Listening on ACPID Listen Socket.
[   19.887911] cloud-init[949]: The key fingerprint is:
[   19.899747] cloud-init[949]: SHA256:FahC6KgIEZmoEaiKpMwZVOqO4/pOXsPYuf95FL353pU root@ubuntu-xenial
[   19.913727] cloud-init[949]: The key's randomart image is:
[[0;32m  OK  [0m] Started Message of the Day.
[   19.930933] cloud-init[949]: +---[DSA 1024]----+
[   19.934075] cloud-init[949]: |==.o     ..      |
[   19.935951] cloud-init[949]: |B.o .   .  .     |
[   19.937712] cloud-init[949]: |+* .   .  ..     |
         Starting LXD - unix socket.
[   19.938869] cloud-init[949]: |*o. . .  .. .    |
[[0;32m  OK  [0m] Listening on UUID daemon activation socket.
[   19.943924] cloud-init[949]: |@.o  .  S  . o   |
         [   19.957996] cloud-init[949]: |O+ + .    . o   .|
Starting Socket activation for snappy daemon.
[[   19.959089] cloud-init[949]: |o.o *    .   . E.|
[   19.965944] cloud-init[949]: |.+ . o   ..   ...|
[0;32m  OK  [0m] Started Daily apt download activities.
[[0;32m  OK  [0m[   19.966593] cloud-init[949]: |o++ ....o.   .. .|
[   20.000745] cloud-init[949]: +----[SHA256]-----+
] Started Daily apt upgrade and clean activities.
[[   20.003512] cloud-init[949]: Generating public/private ecdsa key pair.
[   20.013115] cloud-init[949]: Your identification has been saved in /etc/ssh/ssh_host_ecdsa_key.
[   20.015268] cloud-init[949]: Your public key has been saved in /etc/ssh/ssh_host_ecdsa_key.pub.
[   20.020962] cloud-init[949]: The key fingerprint is:
[   20.030769] cloud-init[949]: SHA256:eMfKxBamF3IeOuOGoGVfBXrBy7772IZ4hzWwOh/roV8 root@ubuntu-xenial
[   20.032039] cloud-init[949]: The key's randomart image is:
[0;32m  OK  [0m] Reached target Timers.
[[0;32m  OK  [0m] Listening on D-Bus System Message Bus Socket.
[   20.049544] cloud-init[949]: +---[ECDSA 256]---+
[   20.053153] cloud-init[949]: |     .o          |
[   20.062666] cloud-init[949]: |     ..o         |
[   20.065374] cloud-init[949]: |    ..o.B        |
[   20.068929] cloud-init[949]: |     .+@ =       |
[   20.074572] cloud-init[949]: |  +  .BoS o      |
[   20.077684] cloud-init[949]: | + o +oOoo       |
[   20.081533] cloud-init[949]: |.   oo==E.       |
[   20.084282] cloud-init[949]: |    +o=Bo        |
[   20.087425] cloud-init[949]: |    .*B=o        |
[[0;32m  OK  [0m] Listening on LXD - unix socket.
[   20.093429] cloud-init[949]: +----[SHA256]-----+
[   20.101295] cloud-init[949]: Generating public/private ed25519 key pair.
[   20.102223] cloud-init[949]: Your identification has been saved in /etc/ssh/ssh_host_ed25519_key.
[   20.109278] [[0;32m  OK  [0mcloud-init[949]: Your public key has been saved in /etc/ssh/ssh_host_ed25519_key.pub.
[   20.118842] cloud-init[949]: The key fingerprint is:
[   20.124195] cloud-init[949]: SHA256:ctFKndIE30+APeY39uBTSHHuV+VT6QBeKWmV0vWywbE root@ubuntu-xenial
[   20.124530] cloud-init[949]: The key's randomart image is:
[   20.124753] cloud-init[949]: +--[ED25519 256]--+
[   20.125235] cloud-init[949]: |        ...+*o*o=|
[   20.125884] cloud-init[949]: |         *oB=B.B+|
[   20.128484] cloud-init[949]: |        + B++oEo=|
[   20.128858] cloud-init[949]: |       . +  .o**+|
[   20.128960] cloud-init[949]: |      . S    +o=o|
[   20.129254] cloud-init[949]: |       o      o o|
[   20.129446] cloud-init[949]: |               . |
[   20.129637] cloud-init[949]: |                 |
[   20.130442] cloud-init[949]: |                 |
[   20.130535] cloud-init[949]: +----[SHA256]-----+
] Listening on Socket activation for snappy daemon.
[[0;32m  OK  [0m] Reached target Sockets.
[[0;32m  OK  [0m] Reached target Basic System.
         Starting LXD - container startup/shutdown...
         Starting Virtualbox guest utils...
         Starting /etc/rc.local Compatibility...
         Starting Snappy daemon...
         Starting Login Service...
[[0;32m  OK  [0m] Started ACPI event daemon.
[[0;32m  OK  [0m] Started Deferred execution scheduler.
         Starting LSB: Record successful boot for GRUB...
[[0;32m  OK  [0m] Started Regular background program processing daemon.
         Starting Pollinate to seed the pseudo random number generator...
         Starting System Logging Service...
         Starting LSB: MD monitoring daemon...
[[0;32m  OK  [0m] Started D-Bus System Message Bus.
         Starting Accounts Service...
[[0;32m  OK  [0m] Started FUSE filesystem for LXC.
[[0;32m  OK  [0m] Started System Logging Service.
[[0;32m  OK  [0m] Started iSCSI initiator daemon (iscsid).
[[0;32m  OK  [0m] Started /etc/rc.local Compatibility.
         Starting Login to default iSCSI targets...
[[0;32m  OK  [0m] Started Login Service.
[[0;32m  OK  [0m] Started Unattended Upgrades Shutdown.
[[0;32m  OK  [0m] Started LSB: MD monitoring daemon.
[[0;32m  OK  [0m] Started LSB: Record successful boot for GRUB.
[[0;32m  OK  [0m] Started LXD - container startup/shutdown.
         Starting Authenticate and Authorize Users to Run Privileged Tasks...
[[0;32m  OK  [0m] Started Login to default iSCSI targets.
[[0;32m  OK  [0m] Reached target Remote File Systems (Pre).
[[0;32m  OK  [0m] Reached target Remote File Systems.
         Starting Permit User Sessions...
         Starting LSB: Set the CPU Frequency Scaling governor to "ondemand"...
         Starting LSB: automatic crash report generation...
         Starting LSB: daemon to balance interrupts for SMP systems...
[[0;32m  OK  [0m] Started Permit User Sessions.
         Starting Hold until boot process finishes up...
         Starting Terminate Plymouth Boot Screen...
[[0;32m  OK  [0m] Started Hold until boot process finishes up.
[[0;32m  OK  [0m] Started Serial Getty on ttyS0.
         Starting Set console scheme...
[[0;32m  OK  [0m] Started Getty on tty1.
[[0;32m  OK  [0m] Reached target Login Prompts.
[[0;32m  OK  [0m] Started Terminate Plymouth Boot Screen.
[[0;32m  OK  [0m] Started Set console scheme.
[[0;32m  OK  [0m] Started Authenticate and Authorize Users to Run Privileged Tasks.
[[0;32m  OK  [0m] Started Virtualbox guest utils.
[[0;32m  OK  [0m] Started Accounts Service.
[[0;32m  OK  [0m] Started LSB: Set the CPU Frequency Scaling governor to "ondemand".
[[0;32m  OK  [0m] Started LSB: automatic crash report generation.
[[0;32m  OK  [0m] Started LSB: daemon to balance interrupts for SMP systems.
[[0;32m  OK  [0m] Started Snappy daemon.
         Starting Wait until snapd is fully seeded...
[[0;32m  OK  [0m] Started Pollinate to seed the pseudo random number generator.
         Starting OpenBSD Secure Shell server...
[[0;32m  OK  [0m] Started OpenBSD Secure Shell server.
[[0;32m  OK  [0m] Started Wait until snapd is fully seeded.
         Starting Apply the settings specified in cloud-config...
[[0;32m  OK  [0m] Reached target Multi-User System.
[[0;32m  OK  [0m] Reached target Graphical Interface.
         Starting Update UTMP about System Runlevel Changes...
[[0;32m  OK  [0m] Started Update UTMP about System Runlevel Changes.
[[0;32m  OK  [0m] Created slice User Slice of vagrant.
         Starting User Manager for UID 1000...
[[0;32m  OK  [0m] Started Session 1 of user vagrant.
[[0;32m  OK  [0m] Started User Manager for UID 1000.
[   25.139379] cloud-init[1307]: Generating locales (this might take a while)...

Ubuntu 16.04.6 LTS ubuntu-xenial ttyS0

ubuntu-xenial login: [   27.487259] cloud-init[1307]:   en_US.UTF-8... done
[   27.504407] cloud-init[1307]: Generation complete.
[   29.118287] cloud-init[1307]: Cloud-init v. 19.4-33-gbb4131a2-0ubuntu1~16.04.1 running 'modules:config' at Fri, 20 Mar 2020 12:09:44 +0000. Up 24.81 seconds.
ci-info: no authorized SSH keys fingerprints found for user ubuntu.
<14>Mar 20 12:09:50 ec2: 
<14>Mar 20 12:09:50 ec2: #############################################################
<14>Mar 20 12:09:50 ec2: -----BEGIN SSH HOST KEY FINGERPRINTS-----
<14>Mar 20 12:09:50 ec2: 1024 SHA256:FahC6KgIEZmoEaiKpMwZVOqO4/pOXsPYuf95FL353pU root@ubuntu-xenial (DSA)
<14>Mar 20 12:09:50 ec2: 256 SHA256:eMfKxBamF3IeOuOGoGVfBXrBy7772IZ4hzWwOh/roV8 root@ubuntu-xenial (ECDSA)
<14>Mar 20 12:09:50 ec2: 256 SHA256:ctFKndIE30+APeY39uBTSHHuV+VT6QBeKWmV0vWywbE root@ubuntu-xenial (ED25519)
<14>Mar 20 12:09:50 ec2: 2048 SHA256:tqF+FBtveWiw6Q8MocHPjjvadYk9xzSSk1AfJm+YnhA root@ubuntu-xenial (RSA)
<14>Mar 20 12:09:50 ec2: -----END SSH HOST KEY FINGERPRINTS-----
<14>Mar 20 12:09:50 ec2: #############################################################
-----BEGIN SSH HOST KEY KEYS-----
ecdsa-sha2-nistp256 AAAAE2VjZHNhLXNoYTItbmlzdHAyNTYAAAAIbmlzdHAyNTYAAABBBKb0Y95yMLZUUE1hEPjhora5KsFLlfWhvA5/26th9frlEQ0OuLu8LpUukfWdkRkT+5DVMw58/0maaHo3FdxsiOU= root@ubuntu-xenial
ssh-ed25519 AAAAC3NzaC1lZDI1NTE5AAAAICgMuppLmXW+4DPg4FgWy/OaNOwh3dqI/qS/adnuX5P2 root@ubuntu-xenial
ssh-rsa AAAAB3NzaC1yc2EAAAADAQABAAABAQDdGSN2w50PTXEw5izZttjCG+QrKidkNd+nmCnWwsP88f4lD2rUGvBzrBC0iCElnRZL9VkiExzFoR3cTASz5dqBBLva4F6bae30O7/J6U8C6MRlOiBRmG10YzN9FzX6tcg+JlF5ma6JRNCMCbDKnf1dC5+Xdy5Bbuutf+WhS8OGOdDyZXMVaeqyjr6zhWiIzD8DEguy4U0tDfw14wUSsXHq8tVhBGblsZ0Y4VNPHTybHfccEOZGi2hjF4yn49GsxTpepR7khggTkNlY2QJ0Kda8qUoX3ftVPKjLou9slRLuX0irGUWfDVsty2dRtr+gnDuNVuheFrmWAmpn93PnV0Kn root@ubuntu-xenial
-----END SSH HOST KEY KEYS-----
[   30.855537] cloud-init[1521]: Cloud-init v. 19.4-33-gbb4131a2-0ubuntu1~16.04.1 running 'modules:final' at Fri, 20 Mar 2020 12:09:50 +0000. Up 30.52 seconds.
[   30.855974] cloud-init[1521]: ci-info: no authorized SSH keys fingerprints found for user ubuntu.
[   30.859146] cloud-init[1521]: Cloud-init v. 19.4-33-gbb4131a2-0ubuntu1~16.04.1 finished at Fri, 20 Mar 2020 12:09:50 +0000. Datasource DataSourceNoCloud [seed=/dev/sdb][dsmode=net].  Up 30.83 seconds
[[0;32m  OK  [0m] Stopped target Timers.
[[0;32m  OK  [0m] Stopped Daily Cleanup of Temporary Directories.
[[0;32m  OK  [0m] Closed Load/Save RF Kill Switch Status /dev/rfkill Watch.
[[0;32m  OK  [0m] Stopped Daily apt upgrade and clean activities.
[[0;32m  OK  [0m] Stopped Daily apt download activities.
[[0;32m  OK  [0m] Stopped Message of the Day.
[[0;32m  OK  [0m] Stopped target System Time Synchronized.
         Stopping Authenticate and Authorize Users to Run Privileged Tasks...
         Stopping Session 8 of user vagrant.
         Stopping User Manager for UID 1000...
[[0;32m  OK  [0m] Stopped target Cloud-init target.
[[0;32m  OK  [0m] Stopped target Graphical Interface.
         Stopping Accounts Service...
[[0;32m  OK  [0m] Stopped Execute cloud user/final scripts.
[[0;32m  OK  [0m] Stopped Apply the settings specified in
         Stopping Serial Getty on ttyS0...
         Stopping Getty on tty1...
         Stopping LSB: daemon to balance interrupts for SMP systems...
[[0;32m  OK  [0m] Stopped Wait until snapd is fully seeded.
         Stopping MongoDB Database Server...
         Stopping Unattended Upgrades Shutdown...
         Stopping OpenBSD Secure Shell server...
         Stopping LSB: Record successful boot for GRUB...
         Stopping D-Bus System Message Bus...
         Stopping System Logging Service...
         Stopping LSB: MD monitoring daemon...
         Stopping LSB: automatic crash report generation...
         Stopping FUSE filesystem for LXC...
         Stopping Virtualbox guest utils...
         Stopping LXD - container startup/shutdown...
         Stopping Deferred execution scheduler...
         Stopping Regular background program processing daemon...
         Stopping ACPI event daemon...
         Stopping LSB: Set the CPU Frequency Scaling governor to "ondemand"...
[[0;32m  OK  [0m] Unmounted /var/lib/lxcfs.
[[0;32m  OK  [0m] Stopped Deferred execution scheduler.
[[0;32m  OK  [0m] Stopped Regular background program processing daemon.
[[0;32m  OK  [0m] Stopped System Logging Service.
[[0;32m  OK  [0m] Stopped Accounts Service.
[[0;32m  OK  [0m] Stopped Unattended Upgrades Shutdown.
[[0;32m  OK  [0m] Stopped ACPI event daemon.
[[0;32m  OK  [0m] Stopped Authenticate and Authorize Users to Run Privileged Tasks.
[[0;32m  OK  [0m] Stopped Serial Getty on ttyS0.
[[0;32m  OK  [0m] Stopped Getty on tty1.
[[0;32m  OK  [0m] Stopped OpenBSD Secure Shell server.
[[0;32m  OK  [0m] Stopped MongoDB Database Server.
[[0;32m  OK  [0m] Stopped User Manager for UID 1000.
[[0;32m  OK  [0m] Stopped Session 8 of user vagrant.
[[0;32m  OK  [0m] Stopped D-Bus System Message Bus.
[[0;32m  OK  [0m] Stopped FUSE filesystem for LXC.
[[0;32m  OK  [0m] Stopped LSB: Record successful boot for GRUB.
[[0;32m  OK  [0m] Stopped LXD - container startup/shutdown.
[[0;32m  OK  [0m] Stopped LSB: daemon to balance interrupts for SMP systems.
[[0;32m  OK  [0m] Stopped LSB: MD monitoring daemon.
[[0;32m  OK  [0m] Stopped LSB: automatic crash report generation.
[[0;32m  OK  [0m] Removed slice User Slice of vagrant.
[[0;32m  OK  [0m] Removed slice system-getty.slice.
         Stopping Permit User Sessions...
[[0;32m  OK  [0m] Stopped /etc/rc.local Compatibility.
[[0;32m  OK  [0m] Removed slice system-serial\x2dgetty.slice.
         Stopping Login Service...
[[0;32m  OK  [0m] Stopped Virtualbox guest utils.
[[0;32m  OK  [0m] Stopped LSB: Set the CPU Frequency Scaling governor to "ondemand".
[[0;32m  OK  [0m] Stopped Permit User Sessions.
[[0;32m  OK  [0m] Stopped target Remote File Systems.
[[0;32m  OK  [0m] Stopped target Remote File Systems (Pre).
         Stopping Login to default iSCSI targets...
[[0;32m  OK  [0m] Stopped Login Service.
[[0;32m  OK  [0m] Stopped target Basic System.
[[0;32m  OK  [0m] Stopped target Sockets.
[[0;32m  OK  [0m] Closed LXD - unix socket.
[[0;32m  OK  [0m] Closed ACPID Listen Socket.
[[0;32m  OK  [0m] Closed Socket activation for snappy daemon.
[[0;32m  OK  [0m] Closed Syslog Socket.
[[0;32m  OK  [0m] Closed UUID daemon activation socket.
[[0;32m  OK  [0m] Stopped target Slices.
[[0;32m  OK  [0m] Stopped target Paths.
[[0;32m  OK  [0m] Stopped Forward Password Requests to Wall Directory Watch.
[[0;32m  OK  [0m] Stopped ACPI Events Check.
[[0;32m  OK  [0m] Stopped Dispatch Password Requests to Console Directory Watch.
[[0;32m  OK  [0m] Stopped target User and Group Name Lookups.
[[0;32m  OK  [0m] Closed D-Bus System Message Bus Socket.
[[0;32m  OK  [0m] Stopped target System Initialization.
         Stopping Update UTMP about System Boot/Shutdown...
[[0;32m  OK  [0m] Stopped Commit a transient machine-id on disk.
[[0;32m  OK  [0m] Stopped target Encrypted Volumes.
         Stopping Load/Save Random Seed...
[[0;32m  OK  [0m] Stopped target Swap.
[[0;32m  OK  [0m] Removed slice User and Session Slice.
[[0;32m  OK  [0m] Stopped Load/Save Random Seed.
[[0;32m  OK  [0m] Stopped Update UTMP about System Boot/Shutdown.
[[0;32m  OK  [0m] Stopped Create Volatile Files and Directories.
[[0;32m  OK  [0m] Stopped Login to default iSCSI targets.
         Stopping iSCSI initiator daemon (iscsid)...
[[0;32m  OK  [0m] Stopped iSCSI initiator daemon (iscsid).
[[0;32m  OK  [0m] Stopped target Network is Online.
[[0;32m  OK  [0m] Stopped Initial cloud-init job (metadata service crawler).
[[0;32m  OK  [0m] Stopped target Network.
         Stopping Raise network interfaces...
[[0;32m  OK  [0m] Stopped Raise network interfaces.
[[0;32m  OK  [0m] Stopped target Network (Pre).
[[0;32m  OK  [0m] Stopped Initial cloud-init job (pre-networking).
[[0;32m  OK  [0m] Stopped target Local File Systems.
         Unmounting /run/user/1000...
         Unmounting /vagrant...
         Unmounting /db...
[[0;32m  OK  [0m] Stopped Apply Kernel Variables.
[[0;32m  OK  [0m] Stopped Load Kernel Modules.
[[0;32m  OK  [0m] Unmounted /run/user/1000.
[[0;32m  OK  [0m] Unmounted /db.
[[0;32m  OK  [0m] Unmounted /vagrant.
[[0;32m  OK  [0m] Reached target Unmount All Filesystems.
[[0;32m  OK  [0m] Stopped target Local File Systems (Pre).
         Stopping Monitoring of LVM2 mirrors... dmeventd or progress polling...
[[0;32m  OK  [0m] Stopped Remount Root and Kernel File Systems.
[[0;32m  OK  [0m] Stopped Create Static Device Nodes in /dev.
[[0;32m  OK  [0m] Reached target Shutdown.
[10387.062623] reboot: Power down
ped Apply Kernel Variables.
[[0;32m  OK  [0m] Stopped Load Kernel Modules.
[[0;32m  OK  [0m] Unmounted /run/user/1000.
[[0;32m  OK  [0m] Unmounted /app.
[[0;32m  OK  [0m] Unmounted /vagrant.
[[0;32m  OK  [0m] Reached target Unmount All Filesystems.
[[0;32m  OK  [0m] Stopped target Local File Systems (Pre).
         Stopping Monitoring of LVM2 mirrors... dmeventd or progress polling...
[[0;32m  OK  [0m] Stopped Remount Root and Kernel File Systems.
[[0;32m  OK  [0m] Stopped Create Static Device Nodes in /dev.
[[0;32m  OK  [0m] Reached target Shutdown.
[10519.034229] reboot: Power down
